<?xml version="1.0" encoding="UTF-8"?>
<!-- Generated by org.testng.reporters.JUnitXMLReporter -->
<testsuite ignored="0" hostname="Nishthas-MacBook-Pro.local" failures="1" tests="3" name="Submit Order" time="153.561" errors="0" timestamp="2026-04-29T18:52:53 IST">
  <testcase classname="nishthatomer.SubmitOrderwithBaseTest" name="submitOrder" time="31.632"/>
  <testcase classname="nishthatomer.SubmitOrderwithBaseTest" name="submitOrder" time="30.437"/>
  <testcase classname="nishthatomer.SubmitOrderwithBaseTest" name="verifyOrderHistory" time="20.867">
    <failure type="java.lang.AssertionError" message="expected [true] but found [false]">
      <![CDATA[java.lang.AssertionError: expected [true] but found [false]
at nishthatomer.SubmitOrderwithBaseTest.verifyOrderHistory(SubmitOrderwithBaseTest.java:55)
at java.base/java.util.ArrayList.forEach(ArrayList.java:1511)
at java.base/java.util.concurrent.FutureTask.run(FutureTask.java:264)
at java.base/java.util.concurrent.ThreadPoolExecutor.runWorker(ThreadPoolExecutor.java:1136)
at java.base/java.util.concurrent.ThreadPoolExecutor$Worker.run(ThreadPoolExecutor.java:635)
at java.base/java.lang.Thread.run(Thread.java:833)
... Removed 21 stack frames]]>
    </failure>
  </testcase> <!-- verifyOrderHistory -->
</testsuite> <!-- Submit Order -->
