<?xml version="1.0" encoding="UTF-8"?>
<testng-results retried="1" ignored="0" total="4" passed="0" failed="2" skipped="1">
  <reporter-output>
  </reporter-output>
  <suite started-at="2026-05-03T22:18:19 IST" name="Suite" finished-at="2026-05-03T22:18:30 IST" duration-ms="10690">
    <groups>
      <group name="ErrorHandling">
        <method signature="ErrorValidation.logineErrorValidation()[pri:0, instance:nishthatomer.ErrorValidation@663c9e7a]" name="logineErrorValidation" class="nishthatomer.ErrorValidation"/>
      </group> <!-- ErrorHandling -->
      <group name="purchase">
        <method signature="SubmitOrderwithBaseTest.submitOrder(java.util.HashMap)[pri:0, instance:nishthatomer.SubmitOrderwithBaseTest@13fd2ccd]" name="submitOrder" class="nishthatomer.SubmitOrderwithBaseTest"/>
      </group> <!-- purchase -->
    </groups>
    <test started-at="2026-05-03T22:18:19 IST" name="Submit Order" finished-at="2026-05-03T22:18:25 IST" duration-ms="6136">
      <class name="nishthatomer.SubmitOrderwithBaseTest">
        <test-method is-config="true" signature="launchApplication()[pri:0, instance:nishthatomer.SubmitOrderwithBaseTest@13fd2ccd]" started-at="2026-05-03T22:18:19 IST" name="launchApplication" finished-at="2026-05-03T22:18:24 IST" duration-ms="4433" status="PASS">
          <reporter-output>
          </reporter-output>
        </test-method> <!-- launchApplication -->
        <test-method signature="submitOrder(java.util.HashMap)[pri:0, instance:nishthatomer.SubmitOrderwithBaseTest@13fd2ccd]" started-at="2026-05-03T22:18:24 IST" name="submitOrder" data-provider="getData" finished-at="2026-05-03T22:18:25 IST" duration-ms="1282" status="FAIL">
          <params>
            <param index="0">
              <value>
                <![CDATA[{password=Abcd@5432, email=nishtha.tomer@gmail.com, productName=ZARA COAT 3}]]>
              </value>
            </param>
          </params>
          <exception class="org.openqa.selenium.ElementClickInterceptedException">
            <message>
              <![CDATA[element click intercepted: Element is not clickable at point (392, 713)
  (Session info: chrome=147.0.7727.138)
Build info: version: '4.43.0', revision: 'dd0f534'
System info: os.name: 'Mac OS X', os.arch: 'aarch64', os.version: '26.3.1', java.version: '25.0.3'
Driver info: org.openqa.selenium.chrome.ChromeDriver
Command: [3e9c12fc50ddf3fdcf2ee1edaf5e8568, clickElement {id=f.84EC301341D9C658A1B6A539B5E293A0.d.EC2BAAAD9CB8073A361EF6D8DE568849.e.5}]
Capabilities {acceptInsecureCerts: false, browserName: chrome, browserVersion: 147.0.7727.138, chrome: {chromedriverVersion: 147.0.7727.117 (474cc805edd..., userDataDir: /var/folders/kg/rm1wx_dd7zz...}, fedcm:accounts: true, goog:chromeOptions: {debuggerAddress: localhost:61829}, goog:processID: 84977, networkConnectionEnabled: false, pageLoadStrategy: normal, platformName: mac, proxy: Proxy(), se:cdp: ws://localhost:61829/devtoo..., se:cdpVersion: 147.0.7727.138, setWindowRect: true, strictFileInteractability: false, timeouts: {implicit: 0, pageLoad: 300000, script: 30000}, unhandledPromptBehavior: dismiss and notify, webauthn:extension:credBlob: true, webauthn:extension:largeBlob: true, webauthn:extension:minPinLength: true, webauthn:extension:prf: true, webauthn:virtualAuthenticators: true}
Element: [[ChromeDriver: chrome on mac (3e9c12fc50ddf3fdcf2ee1edaf5e8568)] -> id: login]
Session ID: 3e9c12fc50ddf3fdcf2ee1edaf5e8568]]>
            </message>
            <full-stacktrace>
              <![CDATA[org.openqa.selenium.ElementClickInterceptedException: element click intercepted: Element is not clickable at point (392, 713)
  (Session info: chrome=147.0.7727.138)
Build info: version: '4.43.0', revision: 'dd0f534'
System info: os.name: 'Mac OS X', os.arch: 'aarch64', os.version: '26.3.1', java.version: '25.0.3'
Driver info: org.openqa.selenium.chrome.ChromeDriver
Command: [3e9c12fc50ddf3fdcf2ee1edaf5e8568, clickElement {id=f.84EC301341D9C658A1B6A539B5E293A0.d.EC2BAAAD9CB8073A361EF6D8DE568849.e.5}]
Capabilities {acceptInsecureCerts: false, browserName: chrome, browserVersion: 147.0.7727.138, chrome: {chromedriverVersion: 147.0.7727.117 (474cc805edd..., userDataDir: /var/folders/kg/rm1wx_dd7zz...}, fedcm:accounts: true, goog:chromeOptions: {debuggerAddress: localhost:61829}, goog:processID: 84977, networkConnectionEnabled: false, pageLoadStrategy: normal, platformName: mac, proxy: Proxy(), se:cdp: ws://localhost:61829/devtoo..., se:cdpVersion: 147.0.7727.138, setWindowRect: true, strictFileInteractability: false, timeouts: {implicit: 0, pageLoad: 300000, script: 30000}, unhandledPromptBehavior: dismiss and notify, webauthn:extension:credBlob: true, webauthn:extension:largeBlob: true, webauthn:extension:minPinLength: true, webauthn:extension:prf: true, webauthn:virtualAuthenticators: true}
Element: [[ChromeDriver: chrome on mac (3e9c12fc50ddf3fdcf2ee1edaf5e8568)] -> id: login]
Session ID: 3e9c12fc50ddf3fdcf2ee1edaf5e8568
at org.openqa.selenium.remote.ErrorCodec.decode(ErrorCodec.java:169)
at org.openqa.selenium.remote.codec.w3c.W3CHttpResponseCodec.decode(W3CHttpResponseCodec.java:142)
at org.openqa.selenium.remote.codec.w3c.W3CHttpResponseCodec.decode(W3CHttpResponseCodec.java:49)
at org.openqa.selenium.remote.HttpCommandExecutor.execute(HttpCommandExecutor.java:223)
at org.openqa.selenium.remote.service.DriverCommandExecutor.invokeExecute(DriverCommandExecutor.java:216)
at org.openqa.selenium.remote.service.DriverCommandExecutor.execute(DriverCommandExecutor.java:174)
at org.openqa.selenium.remote.RemoteWebDriver.execute(RemoteWebDriver.java:606)
at org.openqa.selenium.remote.RemoteWebElement.execute(RemoteWebElement.java:223)
at org.openqa.selenium.remote.RemoteWebElement.click(RemoteWebElement.java:76)
at java.base/jdk.internal.reflect.DirectMethodHandleAccessor.invoke(DirectMethodHandleAccessor.java:104)
at java.base/java.lang.reflect.Method.invoke(Method.java:565)
at org.openqa.selenium.support.pagefactory.internal.LocatingElementHandler.invoke(LocatingElementHandler.java:51)
at jdk.proxy2/jdk.proxy2.$Proxy13.click(Unknown Source)
at nishthatomer.pageobjects.LandingPage.loginApplication(LandingPage.java:43)
at nishthatomer.SubmitOrderwithBaseTest.submitOrder(SubmitOrderwithBaseTest.java:33)
at java.base/jdk.internal.reflect.DirectMethodHandleAccessor.invoke(DirectMethodHandleAccessor.java:104)
at java.base/java.lang.reflect.Method.invoke(Method.java:565)
at org.testng.internal.invokers.MethodInvocationHelper.invokeMethod(MethodInvocationHelper.java:141)
at org.testng.internal.invokers.TestInvoker.invokeMethod(TestInvoker.java:697)
at org.testng.internal.invokers.TestInvoker.invokeTestMethod(TestInvoker.java:230)
at org.testng.internal.invokers.MethodRunner.runInSequence(MethodRunner.java:63)
at org.testng.internal.invokers.TestInvoker$MethodInvocationAgent.invoke(TestInvoker.java:1005)
at org.testng.internal.invokers.TestInvoker.invokeTestMethods(TestInvoker.java:203)
at org.testng.internal.invokers.TestMethodWorker.invokeTestMethods(TestMethodWorker.java:154)
at org.testng.internal.invokers.TestMethodWorker.run(TestMethodWorker.java:134)
at java.base/java.util.ArrayList.forEach(ArrayList.java:1604)
at org.testng.TestRunner.privateRun(TestRunner.java:744)
at org.testng.TestRunner.run(TestRunner.java:616)
at org.testng.SuiteRunner.runTest(SuiteRunner.java:421)
at org.testng.SuiteRunner$SuiteWorker.run(SuiteRunner.java:463)
at org.testng.internal.thread.ThreadUtil.lambda$execute$0(ThreadUtil.java:64)
at java.base/java.util.concurrent.FutureTask.run(FutureTask.java:328)
at java.base/java.util.concurrent.ThreadPoolExecutor.runWorker(ThreadPoolExecutor.java:1090)
at java.base/java.util.concurrent.ThreadPoolExecutor$Worker.run(ThreadPoolExecutor.java:614)
at java.base/java.lang.Thread.run(Thread.java:1474)
]]>
            </full-stacktrace>
          </exception> <!-- org.openqa.selenium.ElementClickInterceptedException -->
          <reporter-output>
          </reporter-output>
        </test-method> <!-- submitOrder -->
        <test-method is-config="true" signature="tearDown()[pri:0, instance:nishthatomer.SubmitOrderwithBaseTest@13fd2ccd]" started-at="2026-05-03T22:18:25 IST" name="tearDown" finished-at="2026-05-03T22:18:25 IST" duration-ms="114" status="PASS">
          <reporter-output>
          </reporter-output>
        </test-method> <!-- tearDown -->
        <test-method signature="verifyOrderHistory()[pri:0, instance:nishthatomer.SubmitOrderwithBaseTest@13fd2ccd]" started-at="2026-05-03T22:18:25 IST" name="verifyOrderHistory" finished-at="2026-05-03T22:18:25 IST" depends-on-methods="nishthatomer.SubmitOrderwithBaseTest.submitOrder" duration-ms="0" status="SKIP">
          <exception class="java.lang.Throwable">
            <message>
              <![CDATA[Method nishthatomer.SubmitOrderwithBaseTest.verifyOrderHistory() on instance nishthatomer.SubmitOrderwithBaseTest@13fd2ccd depends on not successfully finished methods 
[nishthatomer.SubmitOrderwithBaseTest.submitOrder() on instance nishthatomer.SubmitOrderwithBaseTest@13fd2ccd]]]>
            </message>
            <full-stacktrace>
              <![CDATA[java.lang.Throwable: Method nishthatomer.SubmitOrderwithBaseTest.verifyOrderHistory() on instance nishthatomer.SubmitOrderwithBaseTest@13fd2ccd depends on not successfully finished methods 
[nishthatomer.SubmitOrderwithBaseTest.submitOrder() on instance nishthatomer.SubmitOrderwithBaseTest@13fd2ccd]
at org.testng.internal.invokers.TestInvoker.invokeTestMethods(TestInvoker.java:159)
at org.testng.internal.invokers.TestMethodWorker.invokeTestMethods(TestMethodWorker.java:154)
at org.testng.internal.invokers.TestMethodWorker.run(TestMethodWorker.java:134)
at java.base/java.util.ArrayList.forEach(ArrayList.java:1604)
at org.testng.TestRunner.privateRun(TestRunner.java:744)
at org.testng.TestRunner.run(TestRunner.java:616)
at org.testng.SuiteRunner.runTest(SuiteRunner.java:421)
at org.testng.SuiteRunner$SuiteWorker.run(SuiteRunner.java:463)
at org.testng.internal.thread.ThreadUtil.lambda$execute$0(ThreadUtil.java:64)
at java.base/java.util.concurrent.FutureTask.run(FutureTask.java:328)
at java.base/java.util.concurrent.ThreadPoolExecutor.runWorker(ThreadPoolExecutor.java:1090)
at java.base/java.util.concurrent.ThreadPoolExecutor$Worker.run(ThreadPoolExecutor.java:614)
at java.base/java.lang.Thread.run(Thread.java:1474)
]]>
            </full-stacktrace>
          </exception> <!-- java.lang.Throwable -->
          <reporter-output>
          </reporter-output>
        </test-method> <!-- verifyOrderHistory -->
      </class> <!-- nishthatomer.SubmitOrderwithBaseTest -->
    </test> <!-- Submit Order -->
    <test started-at="2026-05-03T22:18:19 IST" name="Error Validations" finished-at="2026-05-03T22:18:30 IST" duration-ms="10690">
      <class name="nishthatomer.ErrorValidation">
        <test-method is-config="true" signature="launchApplication()[pri:0, instance:nishthatomer.ErrorValidation@663c9e7a]" started-at="2026-05-03T22:18:19 IST" name="launchApplication" finished-at="2026-05-03T22:18:24 IST" duration-ms="4532" status="PASS">
          <reporter-output>
          </reporter-output>
        </test-method> <!-- launchApplication -->
        <test-method retried="true" signature="logineErrorValidation()[pri:0, instance:nishthatomer.ErrorValidation@663c9e7a]" started-at="2026-05-03T22:18:24 IST" name="logineErrorValidation" finished-at="2026-05-03T22:18:25 IST" duration-ms="1287" status="SKIP">
          <exception class="org.openqa.selenium.ElementClickInterceptedException">
            <message>
              <![CDATA[element click intercepted: Element is not clickable at point (392, 713)
  (Session info: chrome=147.0.7727.138)
Build info: version: '4.43.0', revision: 'dd0f534'
System info: os.name: 'Mac OS X', os.arch: 'aarch64', os.version: '26.3.1', java.version: '25.0.3'
Driver info: org.openqa.selenium.chrome.ChromeDriver
Command: [11d462556256644455639c3adcd02269, clickElement {id=f.35D053BFF099B6349C9837861750D60F.d.74FB2F0AF0AB859FD4EDF819C27BEA3C.e.5}]
Capabilities {acceptInsecureCerts: false, browserName: chrome, browserVersion: 147.0.7727.138, chrome: {chromedriverVersion: 147.0.7727.117 (474cc805edd..., userDataDir: /var/folders/kg/rm1wx_dd7zz...}, fedcm:accounts: true, goog:chromeOptions: {debuggerAddress: localhost:61828}, goog:processID: 84978, networkConnectionEnabled: false, pageLoadStrategy: normal, platformName: mac, proxy: Proxy(), se:cdp: ws://localhost:61828/devtoo..., se:cdpVersion: 147.0.7727.138, setWindowRect: true, strictFileInteractability: false, timeouts: {implicit: 0, pageLoad: 300000, script: 30000}, unhandledPromptBehavior: dismiss and notify, webauthn:extension:credBlob: true, webauthn:extension:largeBlob: true, webauthn:extension:minPinLength: true, webauthn:extension:prf: true, webauthn:virtualAuthenticators: true}
Element: [[ChromeDriver: chrome on mac (11d462556256644455639c3adcd02269)] -> id: login]
Session ID: 11d462556256644455639c3adcd02269]]>
            </message>
            <full-stacktrace>
              <![CDATA[org.openqa.selenium.ElementClickInterceptedException: element click intercepted: Element is not clickable at point (392, 713)
  (Session info: chrome=147.0.7727.138)
Build info: version: '4.43.0', revision: 'dd0f534'
System info: os.name: 'Mac OS X', os.arch: 'aarch64', os.version: '26.3.1', java.version: '25.0.3'
Driver info: org.openqa.selenium.chrome.ChromeDriver
Command: [11d462556256644455639c3adcd02269, clickElement {id=f.35D053BFF099B6349C9837861750D60F.d.74FB2F0AF0AB859FD4EDF819C27BEA3C.e.5}]
Capabilities {acceptInsecureCerts: false, browserName: chrome, browserVersion: 147.0.7727.138, chrome: {chromedriverVersion: 147.0.7727.117 (474cc805edd..., userDataDir: /var/folders/kg/rm1wx_dd7zz...}, fedcm:accounts: true, goog:chromeOptions: {debuggerAddress: localhost:61828}, goog:processID: 84978, networkConnectionEnabled: false, pageLoadStrategy: normal, platformName: mac, proxy: Proxy(), se:cdp: ws://localhost:61828/devtoo..., se:cdpVersion: 147.0.7727.138, setWindowRect: true, strictFileInteractability: false, timeouts: {implicit: 0, pageLoad: 300000, script: 30000}, unhandledPromptBehavior: dismiss and notify, webauthn:extension:credBlob: true, webauthn:extension:largeBlob: true, webauthn:extension:minPinLength: true, webauthn:extension:prf: true, webauthn:virtualAuthenticators: true}
Element: [[ChromeDriver: chrome on mac (11d462556256644455639c3adcd02269)] -> id: login]
Session ID: 11d462556256644455639c3adcd02269
at org.openqa.selenium.remote.ErrorCodec.decode(ErrorCodec.java:169)
at org.openqa.selenium.remote.codec.w3c.W3CHttpResponseCodec.decode(W3CHttpResponseCodec.java:142)
at org.openqa.selenium.remote.codec.w3c.W3CHttpResponseCodec.decode(W3CHttpResponseCodec.java:49)
at org.openqa.selenium.remote.HttpCommandExecutor.execute(HttpCommandExecutor.java:223)
at org.openqa.selenium.remote.service.DriverCommandExecutor.invokeExecute(DriverCommandExecutor.java:216)
at org.openqa.selenium.remote.service.DriverCommandExecutor.execute(DriverCommandExecutor.java:174)
at org.openqa.selenium.remote.RemoteWebDriver.execute(RemoteWebDriver.java:606)
at org.openqa.selenium.remote.RemoteWebElement.execute(RemoteWebElement.java:223)
at org.openqa.selenium.remote.RemoteWebElement.click(RemoteWebElement.java:76)
at java.base/jdk.internal.reflect.DirectMethodHandleAccessor.invoke(DirectMethodHandleAccessor.java:104)
at java.base/java.lang.reflect.Method.invoke(Method.java:565)
at org.openqa.selenium.support.pagefactory.internal.LocatingElementHandler.invoke(LocatingElementHandler.java:51)
at jdk.proxy2/jdk.proxy2.$Proxy13.click(Unknown Source)
at nishthatomer.pageobjects.LandingPage.loginApplication(LandingPage.java:43)
at nishthatomer.ErrorValidation.logineErrorValidation(ErrorValidation.java:14)
at java.base/jdk.internal.reflect.DirectMethodHandleAccessor.invoke(DirectMethodHandleAccessor.java:104)
at java.base/java.lang.reflect.Method.invoke(Method.java:565)
at org.testng.internal.invokers.MethodInvocationHelper.invokeMethod(MethodInvocationHelper.java:141)
at org.testng.internal.invokers.TestInvoker.invokeMethod(TestInvoker.java:697)
at org.testng.internal.invokers.TestInvoker.invokeTestMethod(TestInvoker.java:230)
at org.testng.internal.invokers.MethodRunner.runInSequence(MethodRunner.java:63)
at org.testng.internal.invokers.TestInvoker$MethodInvocationAgent.invoke(TestInvoker.java:1005)
at org.testng.internal.invokers.TestInvoker.invokeTestMethods(TestInvoker.java:203)
at org.testng.internal.invokers.TestMethodWorker.invokeTestMethods(TestMethodWorker.java:154)
at org.testng.internal.invokers.TestMethodWorker.run(TestMethodWorker.java:134)
at java.base/java.util.ArrayList.forEach(ArrayList.java:1604)
at org.testng.TestRunner.privateRun(TestRunner.java:744)
at org.testng.TestRunner.run(TestRunner.java:616)
at org.testng.SuiteRunner.runTest(SuiteRunner.java:421)
at org.testng.SuiteRunner$SuiteWorker.run(SuiteRunner.java:463)
at org.testng.internal.thread.ThreadUtil.lambda$execute$0(ThreadUtil.java:64)
at java.base/java.util.concurrent.FutureTask.run(FutureTask.java:328)
at java.base/java.util.concurrent.ThreadPoolExecutor.runWorker(ThreadPoolExecutor.java:1090)
at java.base/java.util.concurrent.ThreadPoolExecutor$Worker.run(ThreadPoolExecutor.java:614)
at java.base/java.lang.Thread.run(Thread.java:1474)
]]>
            </full-stacktrace>
          </exception> <!-- org.openqa.selenium.ElementClickInterceptedException -->
          <reporter-output>
          </reporter-output>
        </test-method> <!-- logineErrorValidation -->
        <test-method is-config="true" signature="tearDown()[pri:0, instance:nishthatomer.ErrorValidation@663c9e7a]" started-at="2026-05-03T22:18:25 IST" name="tearDown" finished-at="2026-05-03T22:18:25 IST" duration-ms="88" status="PASS">
          <reporter-output>
          </reporter-output>
        </test-method> <!-- tearDown -->
        <test-method is-config="true" signature="launchApplication()[pri:0, instance:nishthatomer.ErrorValidation@663c9e7a]" started-at="2026-05-03T22:18:25 IST" name="launchApplication" finished-at="2026-05-03T22:18:28 IST" duration-ms="3331" status="PASS">
          <reporter-output>
          </reporter-output>
        </test-method> <!-- launchApplication -->
        <test-method signature="logineErrorValidation()[pri:0, instance:nishthatomer.ErrorValidation@663c9e7a]" started-at="2026-05-03T22:18:28 IST" name="logineErrorValidation" finished-at="2026-05-03T22:18:29 IST" duration-ms="1161" status="FAIL">
          <exception class="org.openqa.selenium.ElementClickInterceptedException">
            <message>
              <![CDATA[element click intercepted: Element is not clickable at point (392, 716)
  (Session info: chrome=147.0.7727.138)
Build info: version: '4.43.0', revision: 'dd0f534'
System info: os.name: 'Mac OS X', os.arch: 'aarch64', os.version: '26.3.1', java.version: '25.0.3'
Driver info: org.openqa.selenium.chrome.ChromeDriver
Command: [c1b9399a6db3784786b7f0ed84be36b4, clickElement {id=f.770D4FC3B501B646556649B3AE3C42AF.d.A3880218AFB3860476C9DB5C9CDD5653.e.9}]
Capabilities {acceptInsecureCerts: false, browserName: chrome, browserVersion: 147.0.7727.138, chrome: {chromedriverVersion: 147.0.7727.117 (474cc805edd..., userDataDir: /var/folders/kg/rm1wx_dd7zz...}, fedcm:accounts: true, goog:chromeOptions: {debuggerAddress: localhost:61879}, goog:processID: 85004, networkConnectionEnabled: false, pageLoadStrategy: normal, platformName: mac, proxy: Proxy(), se:cdp: ws://localhost:61879/devtoo..., se:cdpVersion: 147.0.7727.138, setWindowRect: true, strictFileInteractability: false, timeouts: {implicit: 0, pageLoad: 300000, script: 30000}, unhandledPromptBehavior: dismiss and notify, webauthn:extension:credBlob: true, webauthn:extension:largeBlob: true, webauthn:extension:minPinLength: true, webauthn:extension:prf: true, webauthn:virtualAuthenticators: true}
Element: [[ChromeDriver: chrome on mac (c1b9399a6db3784786b7f0ed84be36b4)] -> id: login]
Session ID: c1b9399a6db3784786b7f0ed84be36b4]]>
            </message>
            <full-stacktrace>
              <![CDATA[org.openqa.selenium.ElementClickInterceptedException: element click intercepted: Element is not clickable at point (392, 716)
  (Session info: chrome=147.0.7727.138)
Build info: version: '4.43.0', revision: 'dd0f534'
System info: os.name: 'Mac OS X', os.arch: 'aarch64', os.version: '26.3.1', java.version: '25.0.3'
Driver info: org.openqa.selenium.chrome.ChromeDriver
Command: [c1b9399a6db3784786b7f0ed84be36b4, clickElement {id=f.770D4FC3B501B646556649B3AE3C42AF.d.A3880218AFB3860476C9DB5C9CDD5653.e.9}]
Capabilities {acceptInsecureCerts: false, browserName: chrome, browserVersion: 147.0.7727.138, chrome: {chromedriverVersion: 147.0.7727.117 (474cc805edd..., userDataDir: /var/folders/kg/rm1wx_dd7zz...}, fedcm:accounts: true, goog:chromeOptions: {debuggerAddress: localhost:61879}, goog:processID: 85004, networkConnectionEnabled: false, pageLoadStrategy: normal, platformName: mac, proxy: Proxy(), se:cdp: ws://localhost:61879/devtoo..., se:cdpVersion: 147.0.7727.138, setWindowRect: true, strictFileInteractability: false, timeouts: {implicit: 0, pageLoad: 300000, script: 30000}, unhandledPromptBehavior: dismiss and notify, webauthn:extension:credBlob: true, webauthn:extension:largeBlob: true, webauthn:extension:minPinLength: true, webauthn:extension:prf: true, webauthn:virtualAuthenticators: true}
Element: [[ChromeDriver: chrome on mac (c1b9399a6db3784786b7f0ed84be36b4)] -> id: login]
Session ID: c1b9399a6db3784786b7f0ed84be36b4
at org.openqa.selenium.remote.ErrorCodec.decode(ErrorCodec.java:169)
at org.openqa.selenium.remote.codec.w3c.W3CHttpResponseCodec.decode(W3CHttpResponseCodec.java:142)
at org.openqa.selenium.remote.codec.w3c.W3CHttpResponseCodec.decode(W3CHttpResponseCodec.java:49)
at org.openqa.selenium.remote.HttpCommandExecutor.execute(HttpCommandExecutor.java:223)
at org.openqa.selenium.remote.service.DriverCommandExecutor.invokeExecute(DriverCommandExecutor.java:216)
at org.openqa.selenium.remote.service.DriverCommandExecutor.execute(DriverCommandExecutor.java:174)
at org.openqa.selenium.remote.RemoteWebDriver.execute(RemoteWebDriver.java:606)
at org.openqa.selenium.remote.RemoteWebElement.execute(RemoteWebElement.java:223)
at org.openqa.selenium.remote.RemoteWebElement.click(RemoteWebElement.java:76)
at java.base/jdk.internal.reflect.DirectMethodHandleAccessor.invoke(DirectMethodHandleAccessor.java:104)
at java.base/java.lang.reflect.Method.invoke(Method.java:565)
at org.openqa.selenium.support.pagefactory.internal.LocatingElementHandler.invoke(LocatingElementHandler.java:51)
at jdk.proxy2/jdk.proxy2.$Proxy13.click(Unknown Source)
at nishthatomer.pageobjects.LandingPage.loginApplication(LandingPage.java:43)
at nishthatomer.ErrorValidation.logineErrorValidation(ErrorValidation.java:14)
at java.base/jdk.internal.reflect.DirectMethodHandleAccessor.invoke(DirectMethodHandleAccessor.java:104)
at java.base/java.lang.reflect.Method.invoke(Method.java:565)
at org.testng.internal.invokers.MethodInvocationHelper.invokeMethod(MethodInvocationHelper.java:141)
at org.testng.internal.invokers.TestInvoker.invokeMethod(TestInvoker.java:697)
at org.testng.internal.invokers.TestInvoker.retryFailed(TestInvoker.java:280)
at org.testng.internal.invokers.MethodRunner.runInSequence(MethodRunner.java:76)
at org.testng.internal.invokers.TestInvoker$MethodInvocationAgent.invoke(TestInvoker.java:1005)
at org.testng.internal.invokers.TestInvoker.invokeTestMethods(TestInvoker.java:203)
at org.testng.internal.invokers.TestMethodWorker.invokeTestMethods(TestMethodWorker.java:154)
at org.testng.internal.invokers.TestMethodWorker.run(TestMethodWorker.java:134)
at java.base/java.util.ArrayList.forEach(ArrayList.java:1604)
at org.testng.TestRunner.privateRun(TestRunner.java:744)
at org.testng.TestRunner.run(TestRunner.java:616)
at org.testng.SuiteRunner.runTest(SuiteRunner.java:421)
at org.testng.SuiteRunner$SuiteWorker.run(SuiteRunner.java:463)
at org.testng.internal.thread.ThreadUtil.lambda$execute$0(ThreadUtil.java:64)
at java.base/java.util.concurrent.FutureTask.run(FutureTask.java:328)
at java.base/java.util.concurrent.ThreadPoolExecutor.runWorker(ThreadPoolExecutor.java:1090)
at java.base/java.util.concurrent.ThreadPoolExecutor$Worker.run(ThreadPoolExecutor.java:614)
at java.base/java.lang.Thread.run(Thread.java:1474)
]]>
            </full-stacktrace>
          </exception> <!-- org.openqa.selenium.ElementClickInterceptedException -->
          <reporter-output>
          </reporter-output>
        </test-method> <!-- logineErrorValidation -->
        <test-method is-config="true" signature="tearDown()[pri:0, instance:nishthatomer.ErrorValidation@663c9e7a]" started-at="2026-05-03T22:18:30 IST" name="tearDown" finished-at="2026-05-03T22:18:30 IST" duration-ms="114" status="PASS">
          <reporter-output>
          </reporter-output>
        </test-method> <!-- tearDown -->
      </class> <!-- nishthatomer.ErrorValidation -->
    </test> <!-- Error Validations -->
  </suite> <!-- Suite -->
</testng-results>
