<?xml version="1.0" encoding="UTF-8"?>
<testng-results ignored="0" total="1" passed="1" failed="0" skipped="0">
  <reporter-output>
  </reporter-output>
  <suite started-at="2026-05-03T20:08:58 IST" name="Default suite" finished-at="2026-05-03T20:09:23 IST" duration-ms="24283">
    <groups>
      <group name="ErrorHandling">
        <method signature="ErrorValidation.logineErrorValidation()[pri:0, instance:nishthatomer.ErrorValidation@61862a7f]" name="logineErrorValidation" class="nishthatomer.ErrorValidation"/>
      </group> <!-- ErrorHandling -->
    </groups>
    <test started-at="2026-05-03T20:08:58 IST" name="Default test" finished-at="2026-05-03T20:09:23 IST" duration-ms="24283">
      <class name="nishthatomer.ErrorValidation">
        <test-method is-config="true" signature="launchApplication()[pri:0, instance:nishthatomer.ErrorValidation@61862a7f]" started-at="2026-05-03T20:08:58 IST" name="launchApplication" finished-at="2026-05-03T20:09:18 IST" duration-ms="19172" status="PASS">
          <reporter-output>
          </reporter-output>
        </test-method> <!-- launchApplication -->
        <test-method signature="logineErrorValidation()[pri:0, instance:nishthatomer.ErrorValidation@61862a7f]" started-at="2026-05-03T20:09:18 IST" name="logineErrorValidation" finished-at="2026-05-03T20:09:22 IST" duration-ms="4623" status="PASS">
          <reporter-output>
          </reporter-output>
        </test-method> <!-- logineErrorValidation -->
        <test-method is-config="true" signature="tearDown()[pri:0, instance:nishthatomer.ErrorValidation@61862a7f]" started-at="2026-05-03T20:09:22 IST" name="tearDown" finished-at="2026-05-03T20:09:23 IST" duration-ms="371" status="PASS">
          <reporter-output>
          </reporter-output>
        </test-method> <!-- tearDown -->
      </class> <!-- nishthatomer.ErrorValidation -->
    </test> <!-- Default test -->
  </suite> <!-- Default suite -->
</testng-results>
